2021-12-16T01:15:19+00:00 CRITICAL Cannot redeclare plugin_init() (previously declared in /home/nicedesi/panache.nic-edesign.com/wp-content/plugins/wws-wishlist/wws-wishlist.php:26) in /home/nicedesi/panache.nic-edesign.com/wp-content/plugins/wws-favourites/wws-favourites.php on line 25

2021-12-16T01:15:20+00:00 CRITICAL Cannot redeclare plugin_init() (previously declared in /home/nicedesi/panache.nic-edesign.com/wp-content/plugins/wws-wishlist/wws-wishlist.php:26) in /home/nicedesi/panache.nic-edesign.com/wp-content/plugins/wws-favourites/wws-favourites.php on line 25

2021-12-16T01:15:21+00:00 CRITICAL Cannot redeclare plugin_init() (previously declared in /home/nicedesi/panache.nic-edesign.com/wp-content/plugins/wws-wishlist/wws-wishlist.php:26) in /home/nicedesi/panache.nic-edesign.com/wp-content/plugins/wws-favourites/wws-favourites.php on line 25

2021-12-16T01:16:56+00:00 CRITICAL Cannot redeclare fetch_user_data() (previously declared in /home/nicedesi/panache.nic-edesign.com/wp-content/plugins/wws-favourites/wws-favourites.php:52) in /home/nicedesi/panache.nic-edesign.com/wp-content/plugins/wws-wishlist/wws-wishlist.php on line 50

2021-12-16T01:17:06+00:00 CRITICAL Cannot redeclare fetch_user_data() (previously declared in /home/nicedesi/panache.nic-edesign.com/wp-content/plugins/wws-favourites/wws-favourites.php:52) in /home/nicedesi/panache.nic-edesign.com/wp-content/plugins/wws-wishlist/wws-wishlist.php on line 50

2021-12-16T01:17:11+00:00 CRITICAL Cannot redeclare fetch_user_data() (previously declared in /home/nicedesi/panache.nic-edesign.com/wp-content/plugins/wws-favourites/wws-favourites.php:52) in /home/nicedesi/panache.nic-edesign.com/wp-content/plugins/wws-wishlist/wws-wishlist.php on line 50

2021-12-16T01:17:33+00:00 CRITICAL Cannot redeclare fetch_user_data() (previously declared in /home/nicedesi/panache.nic-edesign.com/wp-content/plugins/wws-favourites/wws-favourites.php:52) in /home/nicedesi/panache.nic-edesign.com/wp-content/plugins/wws-wishlist/wws-wishlist.php on line 50

2021-12-16T01:18:03+00:00 CRITICAL Cannot redeclare plugin_init() (previously declared in /home/nicedesi/panache.nic-edesign.com/wp-content/plugins/wws-favourites/wws-favourites.php:26) in /home/nicedesi/panache.nic-edesign.com/wp-content/plugins/wws-wishlist/wws-wishlist.php on line 25

2021-12-16T01:18:17+00:00 CRITICAL Cannot redeclare plugin_init() (previously declared in /home/nicedesi/panache.nic-edesign.com/wp-content/plugins/wws-favourites/wws-favourites.php:26) in /home/nicedesi/panache.nic-edesign.com/wp-content/plugins/wws-wishlist/wws-wishlist.php on line 25

2021-12-16T01:18:25+00:00 CRITICAL Cannot redeclare plugin_init() (previously declared in /home/nicedesi/panache.nic-edesign.com/wp-content/plugins/wws-favourites/wws-favourites.php:26) in /home/nicedesi/panache.nic-edesign.com/wp-content/plugins/wws-wishlist/wws-wishlist.php on line 25

2021-12-16T01:18:40+00:00 CRITICAL Cannot redeclare plugin_init() (previously declared in /home/nicedesi/panache.nic-edesign.com/wp-content/plugins/wws-favourites/wws-favourites.php:26) in /home/nicedesi/panache.nic-edesign.com/wp-content/plugins/wws-wishlist/wws-wishlist.php on line 25

2021-12-16T01:18:45+00:00 CRITICAL Cannot redeclare plugin_init() (previously declared in /home/nicedesi/panache.nic-edesign.com/wp-content/plugins/wws-favourites/wws-favourites.php:26) in /home/nicedesi/panache.nic-edesign.com/wp-content/plugins/wws-wishlist/wws-wishlist.php on line 25

2021-12-16T01:19:34+00:00 CRITICAL Cannot redeclare plugin_init() (previously declared in /home/nicedesi/panache.nic-edesign.com/wp-content/plugins/wws-favourites/wws-favourites.php:26) in /home/nicedesi/panache.nic-edesign.com/wp-content/plugins/wws-wishlist/wws-wishlist.php on line 25

2021-12-16T01:19:39+00:00 CRITICAL Cannot redeclare plugin_init() (previously declared in /home/nicedesi/panache.nic-edesign.com/wp-content/plugins/wws-favourites/wws-favourites.php:26) in /home/nicedesi/panache.nic-edesign.com/wp-content/plugins/wws-wishlist/wws-wishlist.php on line 25

2021-12-16T01:19:42+00:00 CRITICAL Cannot redeclare plugin_init() (previously declared in /home/nicedesi/panache.nic-edesign.com/wp-content/plugins/wws-favourites/wws-favourites.php:26) in /home/nicedesi/panache.nic-edesign.com/wp-content/plugins/wws-wishlist/wws-wishlist.php on line 25

2021-12-16T01:19:57+00:00 CRITICAL Cannot redeclare plugin_init() (previously declared in /home/nicedesi/panache.nic-edesign.com/wp-content/plugins/wws-favourites/wws-favourites.php:26) in /home/nicedesi/panache.nic-edesign.com/wp-content/plugins/wws-wishlist/wws-wishlist.php on line 25

2021-12-16T01:20:04+00:00 CRITICAL Cannot redeclare plugin_init() (previously declared in /home/nicedesi/panache.nic-edesign.com/wp-content/plugins/wws-favourites/wws-favourites.php:26) in /home/nicedesi/panache.nic-edesign.com/wp-content/plugins/wws-wishlist/wws-wishlist.php on line 25

2021-12-16T01:20:51+00:00 CRITICAL Cannot redeclare plugin_init() (previously declared in /home/nicedesi/panache.nic-edesign.com/wp-content/plugins/wws-favourites/wws-favourites.php:26) in /home/nicedesi/panache.nic-edesign.com/wp-content/plugins/wws-wishlist/wws-wishlist.php on line 25

2021-12-16T01:21:05+00:00 CRITICAL Cannot redeclare plugin_init() (previously declared in /home/nicedesi/panache.nic-edesign.com/wp-content/plugins/wws-favourites/wws-favourites.php:26) in /home/nicedesi/panache.nic-edesign.com/wp-content/plugins/wws-wishlist/wws-wishlist.php on line 25

2021-12-16T01:21:35+00:00 CRITICAL Cannot redeclare plugin_init() (previously declared in /home/nicedesi/panache.nic-edesign.com/wp-content/plugins/wws-favourites/wws-favourites.php:26) in /home/nicedesi/panache.nic-edesign.com/wp-content/plugins/wws-wishlist/wws-wishlist.php on line 25

2021-12-16T01:22:05+00:00 CRITICAL Cannot redeclare plugin_init() (previously declared in /home/nicedesi/panache.nic-edesign.com/wp-content/plugins/wws-favourites/wws-favourites.php:26) in /home/nicedesi/panache.nic-edesign.com/wp-content/plugins/wws-wishlist/wws-wishlist.php on line 25

2021-12-16T01:22:26+00:00 CRITICAL Cannot redeclare plugin_init() (previously declared in /home/nicedesi/panache.nic-edesign.com/wp-content/plugins/wws-favourites/wws-favourites.php:26) in /home/nicedesi/panache.nic-edesign.com/wp-content/plugins/wws-wishlist/wws-wishlist.php on line 25

2021-12-16T01:24:06+00:00 CRITICAL Cannot redeclare plugin_init() (previously declared in /home/nicedesi/panache.nic-edesign.com/wp-content/plugins/wws-favourites/wws-favourites.php:26) in /home/nicedesi/panache.nic-edesign.com/wp-content/plugins/wws-wishlist/wws-wishlist.php on line 25

2021-12-16T19:22:19+00:00 CRITICAL Uncaught Error: Cannot use object of type WC_Product_Simple as array in /home/nicedesi/panache.nic-edesign.com/wp-content/themes/wwcs/page-repertoire.php:48
Stack trace:
#0 /home/nicedesi/panache.nic-edesign.com/wp-includes/template-loader.php(106): include()
#1 /home/nicedesi/panache.nic-edesign.com/wp-blog-header.php(19): require_once('/home/nicedesi/...')
#2 /home/nicedesi/panache.nic-edesign.com/index.php(17): require('/home/nicedesi/...')
#3 {main}
  thrown in /home/nicedesi/panache.nic-edesign.com/wp-content/themes/wwcs/page-repertoire.php on line 48

2021-12-16T22:01:37+00:00 CRITICAL Uncaught ArgumentCountError: Too few arguments to function get_the_terms(), 1 passed in /home/nicedesi/panache.nic-edesign.com/wp-content/themes/wwcs/page-repertoire.php on line 69 and exactly 2 expected in /home/nicedesi/panache.nic-edesign.com/wp-includes/category-template.php:1274
Stack trace:
#0 /home/nicedesi/panache.nic-edesign.com/wp-content/themes/wwcs/page-repertoire.php(69): get_the_terms(7654)
#1 /home/nicedesi/panache.nic-edesign.com/wp-includes/template-loader.php(106): include('/home/nicedesi/...')
#2 /home/nicedesi/panache.nic-edesign.com/wp-blog-header.php(19): require_once('/home/nicedesi/...')
#3 /home/nicedesi/panache.nic-edesign.com/index.php(17): require('/home/nicedesi/...')
#4 {main}
  thrown in /home/nicedesi/panache.nic-edesign.com/wp-includes/category-template.php on line 1274

