2021-12-23T18:31:23+00:00 CRITICAL Uncaught Error: Call to undefined function do_block() in /home/nicedesi/panache.nic-edesign.com/wp-content/themes/wwcs/archive-product.php:81
Stack trace:
#0 /home/nicedesi/panache.nic-edesign.com/wp-includes/template-loader.php(106): include()
#1 /home/nicedesi/panache.nic-edesign.com/wp-blog-header.php(19): require_once('/home/nicedesi/...')
#2 /home/nicedesi/panache.nic-edesign.com/index.php(17): require('/home/nicedesi/...')
#3 {main}
  thrown in /home/nicedesi/panache.nic-edesign.com/wp-content/themes/wwcs/archive-product.php on line 81

2021-12-23T23:10:50+00:00 CRITICAL Uncaught Error: Object of class WP_User could not be converted to string in /home/nicedesi/panache.nic-edesign.com/wp-content/themes/wwcs/author.php:9
Stack trace:
#0 /home/nicedesi/panache.nic-edesign.com/wp-includes/template-loader.php(106): include()
#1 /home/nicedesi/panache.nic-edesign.com/wp-blog-header.php(19): require_once('/home/nicedesi/...')
#2 /home/nicedesi/panache.nic-edesign.com/index.php(17): require('/home/nicedesi/...')
#3 {main}
  thrown in /home/nicedesi/panache.nic-edesign.com/wp-content/themes/wwcs/author.php on line 9

2021-12-23T23:10:51+00:00 CRITICAL Uncaught Error: Object of class WP_User could not be converted to string in /home/nicedesi/panache.nic-edesign.com/wp-content/themes/wwcs/author.php:9
Stack trace:
#0 /home/nicedesi/panache.nic-edesign.com/wp-includes/template-loader.php(106): include()
#1 /home/nicedesi/panache.nic-edesign.com/wp-blog-header.php(19): require_once('/home/nicedesi/...')
#2 /home/nicedesi/panache.nic-edesign.com/index.php(17): require('/home/nicedesi/...')
#3 {main}
  thrown in /home/nicedesi/panache.nic-edesign.com/wp-content/themes/wwcs/author.php on line 9

