2021-12-13T00:11:15+00:00 CRITICAL Uncaught Error: Call to a member function have_posts() on array in /home/nicedesi/panache.nic-edesign.com/wp-content/themes/wwcs/page-my-repertoire.php:38
Stack trace:
#0 /home/nicedesi/panache.nic-edesign.com/wp-includes/template-loader.php(106): include()
#1 /home/nicedesi/panache.nic-edesign.com/wp-blog-header.php(19): require_once('/home/nicedesi/...')
#2 /home/nicedesi/panache.nic-edesign.com/index.php(17): require('/home/nicedesi/...')
#3 {main}
  thrown in /home/nicedesi/panache.nic-edesign.com/wp-content/themes/wwcs/page-my-repertoire.php on line 38

2021-12-13T00:14:31+00:00 CRITICAL Uncaught Error: Call to a member function have_posts() on array in /home/nicedesi/panache.nic-edesign.com/wp-content/themes/wwcs/page-my-repertoire.php:40
Stack trace:
#0 /home/nicedesi/panache.nic-edesign.com/wp-includes/template-loader.php(106): include()
#1 /home/nicedesi/panache.nic-edesign.com/wp-blog-header.php(19): require_once('/home/nicedesi/...')
#2 /home/nicedesi/panache.nic-edesign.com/index.php(17): require('/home/nicedesi/...')
#3 {main}
  thrown in /home/nicedesi/panache.nic-edesign.com/wp-content/themes/wwcs/page-my-repertoire.php on line 40

2021-12-13T00:20:04+00:00 CRITICAL Uncaught Error: Call to a member function have_posts() on array in /home/nicedesi/panache.nic-edesign.com/wp-content/themes/wwcs/page-my-repertoire.php:40
Stack trace:
#0 /home/nicedesi/panache.nic-edesign.com/wp-includes/template-loader.php(106): include()
#1 /home/nicedesi/panache.nic-edesign.com/wp-blog-header.php(19): require_once('/home/nicedesi/...')
#2 /home/nicedesi/panache.nic-edesign.com/index.php(17): require('/home/nicedesi/...')
#3 {main}
  thrown in /home/nicedesi/panache.nic-edesign.com/wp-content/themes/wwcs/page-my-repertoire.php on line 40

2021-12-13T01:01:29+00:00 CRITICAL Uncaught Error: Call to a member function have_posts() on array in /home/nicedesi/panache.nic-edesign.com/wp-content/themes/wwcs/page-repertoire.php:38
Stack trace:
#0 /home/nicedesi/panache.nic-edesign.com/wp-includes/template-loader.php(106): include()
#1 /home/nicedesi/panache.nic-edesign.com/wp-blog-header.php(19): require_once('/home/nicedesi/...')
#2 /home/nicedesi/panache.nic-edesign.com/index.php(17): require('/home/nicedesi/...')
#3 {main}
  thrown in /home/nicedesi/panache.nic-edesign.com/wp-content/themes/wwcs/page-repertoire.php on line 38

2021-12-13T02:25:32+00:00 CRITICAL Uncaught Error: Call to a member function have_posts() on array in /home/nicedesi/panache.nic-edesign.com/wp-content/themes/wwcs/page-repertoire.php:39
Stack trace:
#0 /home/nicedesi/panache.nic-edesign.com/wp-includes/template-loader.php(106): include()
#1 /home/nicedesi/panache.nic-edesign.com/wp-blog-header.php(19): require_once('/home/nicedesi/...')
#2 /home/nicedesi/panache.nic-edesign.com/index.php(17): require('/home/nicedesi/...')
#3 {main}
  thrown in /home/nicedesi/panache.nic-edesign.com/wp-content/themes/wwcs/page-repertoire.php on line 39

2021-12-13T20:42:29+00:00 CRITICAL Uncaught Error: Call to a member function get_price() on null in /home/nicedesi/panache.nic-edesign.com/wp-content/themes/wwcs/page-repertoire.php:41
Stack trace:
#0 /home/nicedesi/panache.nic-edesign.com/wp-includes/template-loader.php(106): include()
#1 /home/nicedesi/panache.nic-edesign.com/wp-blog-header.php(19): require_once('/home/nicedesi/...')
#2 /home/nicedesi/panache.nic-edesign.com/index.php(17): require('/home/nicedesi/...')
#3 {main}
  thrown in /home/nicedesi/panache.nic-edesign.com/wp-content/themes/wwcs/page-repertoire.php on line 41

2021-12-13T20:51:38+00:00 CRITICAL Uncaught Error: Call to a member function get_id() on null in /home/nicedesi/panache.nic-edesign.com/wp-content/themes/wwcs/page-repertoire.php:56
Stack trace:
#0 /home/nicedesi/panache.nic-edesign.com/wp-includes/template-loader.php(106): include()
#1 /home/nicedesi/panache.nic-edesign.com/wp-blog-header.php(19): require_once('/home/nicedesi/...')
#2 /home/nicedesi/panache.nic-edesign.com/index.php(17): require('/home/nicedesi/...')
#3 {main}
  thrown in /home/nicedesi/panache.nic-edesign.com/wp-content/themes/wwcs/page-repertoire.php on line 56

2021-12-13T22:45:38+00:00 CRITICAL Uncaught Error: Call to a member function have_posts() on null in /home/nicedesi/panache.nic-edesign.com/wp-content/themes/wwcs/page-repertoire.php:53
Stack trace:
#0 /home/nicedesi/panache.nic-edesign.com/wp-includes/template-loader.php(106): include()
#1 /home/nicedesi/panache.nic-edesign.com/wp-blog-header.php(19): require_once('/home/nicedesi/...')
#2 /home/nicedesi/panache.nic-edesign.com/index.php(17): require('/home/nicedesi/...')
#3 {main}
  thrown in /home/nicedesi/panache.nic-edesign.com/wp-content/themes/wwcs/page-repertoire.php on line 53

