2021-12-31T13:40:32+00:00 CRITICAL Uncaught Error: Call to undefined function get_author_meta() in /home/nicedesi/panache.nic-edesign.com/wp-content/themes/wwcs/author.php:14
Stack trace:
#0 /home/nicedesi/panache.nic-edesign.com/wp-includes/template-loader.php(106): include()
#1 /home/nicedesi/panache.nic-edesign.com/wp-blog-header.php(19): require_once('/home/nicedesi/...')
#2 /home/nicedesi/panache.nic-edesign.com/index.php(17): require('/home/nicedesi/...')
#3 {main}
  thrown in /home/nicedesi/panache.nic-edesign.com/wp-content/themes/wwcs/author.php on line 14

2021-12-31T14:43:29+00:00 CRITICAL Uncaught Error: Call to undefined function get_author_meta() in /home/nicedesi/panache.nic-edesign.com/wp-content/themes/wwcs/author.php:20
Stack trace:
#0 /home/nicedesi/panache.nic-edesign.com/wp-includes/template-loader.php(106): include()
#1 /home/nicedesi/panache.nic-edesign.com/wp-blog-header.php(19): require_once('/home/nicedesi/...')
#2 /home/nicedesi/panache.nic-edesign.com/index.php(17): require('/home/nicedesi/...')
#3 {main}
  thrown in /home/nicedesi/panache.nic-edesign.com/wp-content/themes/wwcs/author.php on line 20

2021-12-31T14:44:43+00:00 CRITICAL Uncaught Error: Call to undefined function get_author_meta() in /home/nicedesi/panache.nic-edesign.com/wp-content/themes/wwcs/author.php:20
Stack trace:
#0 /home/nicedesi/panache.nic-edesign.com/wp-includes/template-loader.php(106): include()
#1 /home/nicedesi/panache.nic-edesign.com/wp-blog-header.php(19): require_once('/home/nicedesi/...')
#2 /home/nicedesi/panache.nic-edesign.com/index.php(17): require('/home/nicedesi/...')
#3 {main}
  thrown in /home/nicedesi/panache.nic-edesign.com/wp-content/themes/wwcs/author.php on line 20

2021-12-31T17:20:06+00:00 CRITICAL Uncaught Error: Cannot use object of type stdClass as array in /home/nicedesi/panache.nic-edesign.com/wp-content/themes/wwcs/author.php:31
Stack trace:
#0 /home/nicedesi/panache.nic-edesign.com/wp-includes/template-loader.php(106): include()
#1 /home/nicedesi/panache.nic-edesign.com/wp-blog-header.php(19): require_once('/home/nicedesi/...')
#2 /home/nicedesi/panache.nic-edesign.com/index.php(17): require('/home/nicedesi/...')
#3 {main}
  thrown in /home/nicedesi/panache.nic-edesign.com/wp-content/themes/wwcs/author.php on line 31

2021-12-31T20:30:51+00:00 CRITICAL Cannot redeclare auto_redirect_after_logout() (previously declared in /home/nicedesi/panache.nic-edesign.com/wp-content/themes/wwcs/functions.php:265) in /home/nicedesi/panache.nic-edesign.com/wp-content/themes/wwcs/functions.php on line 301

2021-12-31T20:30:54+00:00 CRITICAL Cannot redeclare auto_redirect_after_logout() (previously declared in /home/nicedesi/panache.nic-edesign.com/wp-content/themes/wwcs/functions.php:265) in /home/nicedesi/panache.nic-edesign.com/wp-content/themes/wwcs/functions.php on line 301

2021-12-31T20:31:07+00:00 CRITICAL Cannot redeclare auto_redirect_after_logout() (previously declared in /home/nicedesi/panache.nic-edesign.com/wp-content/themes/wwcs/functions.php:265) in /home/nicedesi/panache.nic-edesign.com/wp-content/themes/wwcs/functions.php on line 301

2021-12-31T20:31:16+00:00 CRITICAL Cannot redeclare auto_redirect_after_logout() (previously declared in /home/nicedesi/panache.nic-edesign.com/wp-content/themes/wwcs/functions.php:265) in /home/nicedesi/panache.nic-edesign.com/wp-content/themes/wwcs/functions.php on line 301

2021-12-31T20:31:24+00:00 CRITICAL Cannot redeclare auto_redirect_after_logout() (previously declared in /home/nicedesi/panache.nic-edesign.com/wp-content/themes/wwcs/functions.php:265) in /home/nicedesi/panache.nic-edesign.com/wp-content/themes/wwcs/functions.php on line 301

2021-12-31T20:31:25+00:00 CRITICAL Cannot redeclare auto_redirect_after_logout() (previously declared in /home/nicedesi/panache.nic-edesign.com/wp-content/themes/wwcs/functions.php:265) in /home/nicedesi/panache.nic-edesign.com/wp-content/themes/wwcs/functions.php on line 301

2021-12-31T20:31:28+00:00 CRITICAL Cannot redeclare auto_redirect_after_logout() (previously declared in /home/nicedesi/panache.nic-edesign.com/wp-content/themes/wwcs/functions.php:265) in /home/nicedesi/panache.nic-edesign.com/wp-content/themes/wwcs/functions.php on line 301

2021-12-31T20:31:29+00:00 CRITICAL Cannot redeclare auto_redirect_after_logout() (previously declared in /home/nicedesi/panache.nic-edesign.com/wp-content/themes/wwcs/functions.php:265) in /home/nicedesi/panache.nic-edesign.com/wp-content/themes/wwcs/functions.php on line 301

2021-12-31T20:31:31+00:00 CRITICAL Cannot redeclare auto_redirect_after_logout() (previously declared in /home/nicedesi/panache.nic-edesign.com/wp-content/themes/wwcs/functions.php:265) in /home/nicedesi/panache.nic-edesign.com/wp-content/themes/wwcs/functions.php on line 301

2021-12-31T20:31:34+00:00 CRITICAL Cannot redeclare auto_redirect_after_logout() (previously declared in /home/nicedesi/panache.nic-edesign.com/wp-content/themes/wwcs/functions.php:265) in /home/nicedesi/panache.nic-edesign.com/wp-content/themes/wwcs/functions.php on line 301

2021-12-31T20:31:36+00:00 CRITICAL Cannot redeclare auto_redirect_after_logout() (previously declared in /home/nicedesi/panache.nic-edesign.com/wp-content/themes/wwcs/functions.php:265) in /home/nicedesi/panache.nic-edesign.com/wp-content/themes/wwcs/functions.php on line 301

2021-12-31T20:31:41+00:00 CRITICAL Cannot redeclare auto_redirect_after_logout() (previously declared in /home/nicedesi/panache.nic-edesign.com/wp-content/themes/wwcs/functions.php:265) in /home/nicedesi/panache.nic-edesign.com/wp-content/themes/wwcs/functions.php on line 301

2021-12-31T20:31:42+00:00 CRITICAL Cannot redeclare auto_redirect_after_logout() (previously declared in /home/nicedesi/panache.nic-edesign.com/wp-content/themes/wwcs/functions.php:265) in /home/nicedesi/panache.nic-edesign.com/wp-content/themes/wwcs/functions.php on line 301

2021-12-31T20:31:43+00:00 CRITICAL Cannot redeclare auto_redirect_after_logout() (previously declared in /home/nicedesi/panache.nic-edesign.com/wp-content/themes/wwcs/functions.php:265) in /home/nicedesi/panache.nic-edesign.com/wp-content/themes/wwcs/functions.php on line 301

2021-12-31T20:31:45+00:00 CRITICAL Cannot redeclare auto_redirect_after_logout() (previously declared in /home/nicedesi/panache.nic-edesign.com/wp-content/themes/wwcs/functions.php:265) in /home/nicedesi/panache.nic-edesign.com/wp-content/themes/wwcs/functions.php on line 301

2021-12-31T20:32:51+00:00 CRITICAL Cannot redeclare auto_redirect_after_logout() (previously declared in /home/nicedesi/panache.nic-edesign.com/wp-content/themes/wwcs/functions.php:265) in /home/nicedesi/panache.nic-edesign.com/wp-content/themes/wwcs/functions.php on line 301

2021-12-31T20:34:52+00:00 CRITICAL Cannot redeclare auto_redirect_after_logout() (previously declared in /home/nicedesi/panache.nic-edesign.com/wp-content/themes/wwcs/functions.php:265) in /home/nicedesi/panache.nic-edesign.com/wp-content/themes/wwcs/functions.php on line 279

2021-12-31T20:34:59+00:00 CRITICAL Cannot redeclare auto_redirect_after_logout() (previously declared in /home/nicedesi/panache.nic-edesign.com/wp-content/themes/wwcs/functions.php:265) in /home/nicedesi/panache.nic-edesign.com/wp-content/themes/wwcs/functions.php on line 279

