2021-12-30T16:04:05+00:00 CRITICAL Uncaught ArgumentCountError: Too few arguments to function get_avatar(), 0 passed in /home/nicedesi/panache.nic-edesign.com/wp-content/themes/wwcs/author.php on line 10 and at least 1 expected in /home/nicedesi/panache.nic-edesign.com/wp-includes/pluggable.php:2663
Stack trace:
#0 /home/nicedesi/panache.nic-edesign.com/wp-content/themes/wwcs/author.php(10): get_avatar()
#1 /home/nicedesi/panache.nic-edesign.com/wp-includes/template-loader.php(106): include('/home/nicedesi/...')
#2 /home/nicedesi/panache.nic-edesign.com/wp-blog-header.php(19): require_once('/home/nicedesi/...')
#3 /home/nicedesi/panache.nic-edesign.com/index.php(17): require('/home/nicedesi/...')
#4 {main}
  thrown in /home/nicedesi/panache.nic-edesign.com/wp-includes/pluggable.php on line 2663

2021-12-30T17:37:51+00:00 CRITICAL Uncaught Error: Call to undefined function get_editable_roles() in /home/nicedesi/panache.nic-edesign.com/wp-content/plugins/user-role-editor/includes/classes/user-other-roles.php:359
Stack trace:
#0 /home/nicedesi/panache.nic-edesign.com/wp-includes/class-wp-hook.php(305): URE_User_Other_Roles->update(1)
#1 /home/nicedesi/panache.nic-edesign.com/wp-includes/class-wp-hook.php(327): WP_Hook->apply_filters(NULL, Array)
#2 /home/nicedesi/panache.nic-edesign.com/wp-includes/plugin.php(470): WP_Hook->do_action(Array)
#3 /home/nicedesi/panache.nic-edesign.com/wp-includes/user.php(2118): do_action('profile_update', 1, Object(WP_User), Array)
#4 /home/nicedesi/panache.nic-edesign.com/wp-includes/user.php(2239): wp_insert_user(Array)
#5 /home/nicedesi/panache.nic-edesign.com/wp-content/themes/wwcs/page-edit-profile.php(41): wp_update_user(Array)
#6 /home/nicedesi/panache.nic-edesign.com/wp-includes/template-loader.php(106): include('/home/nicedesi/...')
#7 /home/nicedesi/panache.nic-edesign.com/wp-blog-header.php(19): in /home/nicedesi/panache.nic-edesign.com/wp-content/plugins/user-role-editor/includes/classes/user-other-roles.php on line 359

2021-12-30T17:57:27+00:00 CRITICAL Uncaught Error: Object of class WP_User could not be converted to string in /home/nicedesi/panache.nic-edesign.com/wp-content/themes/wwcs/author.php:11
Stack trace:
#0 /home/nicedesi/panache.nic-edesign.com/wp-includes/template-loader.php(106): include()
#1 /home/nicedesi/panache.nic-edesign.com/wp-blog-header.php(19): require_once('/home/nicedesi/...')
#2 /home/nicedesi/panache.nic-edesign.com/index.php(17): require('/home/nicedesi/...')
#3 {main}
  thrown in /home/nicedesi/panache.nic-edesign.com/wp-content/themes/wwcs/author.php on line 11

2021-12-30T19:21:47+00:00 CRITICAL Uncaught Error: Call to undefined function get_editable_roles() in /home/nicedesi/panache.nic-edesign.com/wp-content/plugins/user-role-editor/includes/classes/user-other-roles.php:359
Stack trace:
#0 /home/nicedesi/panache.nic-edesign.com/wp-includes/class-wp-hook.php(305): URE_User_Other_Roles->update(1)
#1 /home/nicedesi/panache.nic-edesign.com/wp-includes/class-wp-hook.php(327): WP_Hook->apply_filters(NULL, Array)
#2 /home/nicedesi/panache.nic-edesign.com/wp-includes/plugin.php(470): WP_Hook->do_action(Array)
#3 /home/nicedesi/panache.nic-edesign.com/wp-includes/user.php(2118): do_action('profile_update', 1, Object(WP_User), Array)
#4 /home/nicedesi/panache.nic-edesign.com/wp-includes/user.php(2239): wp_insert_user(Array)
#5 /home/nicedesi/panache.nic-edesign.com/wp-content/themes/wwcs/page-edit-profile.php(40): wp_update_user(Array)
#6 /home/nicedesi/panache.nic-edesign.com/wp-includes/template-loader.php(106): include('/home/nicedesi/...')
#7 /home/nicedesi/panache.nic-edesign.com/wp-blog-header.php(19): in /home/nicedesi/panache.nic-edesign.com/wp-content/plugins/user-role-editor/includes/classes/user-other-roles.php on line 359

2021-12-30T23:33:10+00:00 CRITICAL Uncaught Error: Object of class WP_User could not be converted to string in /home/nicedesi/panache.nic-edesign.com/wp-content/themes/wwcs/page-edit-profile.php:123
Stack trace:
#0 /home/nicedesi/panache.nic-edesign.com/wp-includes/template-loader.php(106): include()
#1 /home/nicedesi/panache.nic-edesign.com/wp-blog-header.php(19): require_once('/home/nicedesi/...')
#2 /home/nicedesi/panache.nic-edesign.com/index.php(17): require('/home/nicedesi/...')
#3 {main}
  thrown in /home/nicedesi/panache.nic-edesign.com/wp-content/themes/wwcs/page-edit-profile.php on line 123

