2021-12-29T19:44:29+00:00 CRITICAL Uncaught Error: Call to a member function get_id() on null in /home/nicedesi/panache.nic-edesign.com/wp-content/themes/wwcs/page-repertoire.php:62
Stack trace:
#0 /home/nicedesi/panache.nic-edesign.com/wp-includes/template-loader.php(106): include()
#1 /home/nicedesi/panache.nic-edesign.com/wp-blog-header.php(19): require_once('/home/nicedesi/...')
#2 /home/nicedesi/panache.nic-edesign.com/index.php(17): require('/home/nicedesi/...')
#3 {main}
  thrown in /home/nicedesi/panache.nic-edesign.com/wp-content/themes/wwcs/page-repertoire.php on line 62

2021-12-29T19:46:21+00:00 CRITICAL Uncaught Error: Call to a member function get_id() on null in /home/nicedesi/panache.nic-edesign.com/wp-content/themes/wwcs/page-repertoire.php:62
Stack trace:
#0 /home/nicedesi/panache.nic-edesign.com/wp-includes/template-loader.php(106): include()
#1 /home/nicedesi/panache.nic-edesign.com/wp-blog-header.php(19): require_once('/home/nicedesi/...')
#2 /home/nicedesi/panache.nic-edesign.com/index.php(17): require('/home/nicedesi/...')
#3 {main}
  thrown in /home/nicedesi/panache.nic-edesign.com/wp-content/themes/wwcs/page-repertoire.php on line 62

2021-12-29T19:54:46+00:00 CRITICAL Uncaught Error: Call to a member function get_id() on null in /home/nicedesi/panache.nic-edesign.com/wp-content/themes/wwcs/page-repertoire.php:62
Stack trace:
#0 /home/nicedesi/panache.nic-edesign.com/wp-includes/template-loader.php(106): include()
#1 /home/nicedesi/panache.nic-edesign.com/wp-blog-header.php(19): require_once('/home/nicedesi/...')
#2 /home/nicedesi/panache.nic-edesign.com/index.php(17): require('/home/nicedesi/...')
#3 {main}
  thrown in /home/nicedesi/panache.nic-edesign.com/wp-content/themes/wwcs/page-repertoire.php on line 62

2021-12-29T19:54:50+00:00 CRITICAL Uncaught Error: Call to a member function get_id() on null in /home/nicedesi/panache.nic-edesign.com/wp-content/themes/wwcs/page-repertoire.php:62
Stack trace:
#0 /home/nicedesi/panache.nic-edesign.com/wp-includes/template-loader.php(106): include()
#1 /home/nicedesi/panache.nic-edesign.com/wp-blog-header.php(19): require_once('/home/nicedesi/...')
#2 /home/nicedesi/panache.nic-edesign.com/index.php(17): require('/home/nicedesi/...')
#3 {main}
  thrown in /home/nicedesi/panache.nic-edesign.com/wp-content/themes/wwcs/page-repertoire.php on line 62

2021-12-29T19:54:53+00:00 CRITICAL Uncaught Error: Call to a member function get_id() on null in /home/nicedesi/panache.nic-edesign.com/wp-content/themes/wwcs/page-repertoire.php:62
Stack trace:
#0 /home/nicedesi/panache.nic-edesign.com/wp-includes/template-loader.php(106): include()
#1 /home/nicedesi/panache.nic-edesign.com/wp-blog-header.php(19): require_once('/home/nicedesi/...')
#2 /home/nicedesi/panache.nic-edesign.com/index.php(17): require('/home/nicedesi/...')
#3 {main}
  thrown in /home/nicedesi/panache.nic-edesign.com/wp-content/themes/wwcs/page-repertoire.php on line 62

2021-12-29T20:06:36+00:00 CRITICAL Uncaught Error: Call to a member function get_id() on null in /home/nicedesi/panache.nic-edesign.com/wp-content/themes/wwcs/page-repertoire.php:62
Stack trace:
#0 /home/nicedesi/panache.nic-edesign.com/wp-includes/template-loader.php(106): include()
#1 /home/nicedesi/panache.nic-edesign.com/wp-blog-header.php(19): require_once('/home/nicedesi/...')
#2 /home/nicedesi/panache.nic-edesign.com/index.php(17): require('/home/nicedesi/...')
#3 {main}
  thrown in /home/nicedesi/panache.nic-edesign.com/wp-content/themes/wwcs/page-repertoire.php on line 62

2021-12-29T20:14:55+00:00 CRITICAL Uncaught Error: Call to undefined function get_data() in /home/nicedesi/panache.nic-edesign.com/wp-content/themes/wwcs/page-repertoire.php:48
Stack trace:
#0 /home/nicedesi/panache.nic-edesign.com/wp-includes/template-loader.php(106): include()
#1 /home/nicedesi/panache.nic-edesign.com/wp-blog-header.php(19): require_once('/home/nicedesi/...')
#2 /home/nicedesi/panache.nic-edesign.com/index.php(17): require('/home/nicedesi/...')
#3 {main}
  thrown in /home/nicedesi/panache.nic-edesign.com/wp-content/themes/wwcs/page-repertoire.php on line 48

2021-12-29T20:19:15+00:00 CRITICAL Uncaught Error: Call to a member function get_data() on bool in /home/nicedesi/panache.nic-edesign.com/wp-content/themes/wwcs/page-repertoire.php:49
Stack trace:
#0 /home/nicedesi/panache.nic-edesign.com/wp-includes/template-loader.php(106): include()
#1 /home/nicedesi/panache.nic-edesign.com/wp-blog-header.php(19): require_once('/home/nicedesi/...')
#2 /home/nicedesi/panache.nic-edesign.com/index.php(17): require('/home/nicedesi/...')
#3 {main}
  thrown in /home/nicedesi/panache.nic-edesign.com/wp-content/themes/wwcs/page-repertoire.php on line 49

2021-12-29T20:19:18+00:00 CRITICAL Uncaught Error: Call to a member function get_data() on bool in /home/nicedesi/panache.nic-edesign.com/wp-content/themes/wwcs/page-repertoire.php:49
Stack trace:
#0 /home/nicedesi/panache.nic-edesign.com/wp-includes/template-loader.php(106): include()
#1 /home/nicedesi/panache.nic-edesign.com/wp-blog-header.php(19): require_once('/home/nicedesi/...')
#2 /home/nicedesi/panache.nic-edesign.com/index.php(17): require('/home/nicedesi/...')
#3 {main}
  thrown in /home/nicedesi/panache.nic-edesign.com/wp-content/themes/wwcs/page-repertoire.php on line 49

