2022-01-02T02:44:58+00:00 CRITICAL Uncaught Error: Function name must be a string in /home/nicedesi/panache.nic-edesign.com/wp-content/themes/wwcs/functions.php:262
Stack trace:
#0 /home/nicedesi/panache.nic-edesign.com/wp-includes/class-wp-hook.php(303): my_acf_validate_attachment(Array, Array, Array, Array, 'prepare')
#1 /home/nicedesi/panache.nic-edesign.com/wp-includes/plugin.php(189): WP_Hook->apply_filters(Array, Array)
#2 /home/nicedesi/panache.nic-edesign.com/wp-content/plugins/advanced-custom-fields/includes/api/api-helpers.php(3443): apply_filters('acf/validate_at...', Array, Array, Array, Array, 'prepare')
#3 /home/nicedesi/panache.nic-edesign.com/wp-content/plugins/advanced-custom-fields/includes/media.php(209): acf_validate_attachment(Array, Array, 'prepare')
#4 /home/nicedesi/panache.nic-edesign.com/wp-includes/class-wp-hook.php(303): ACF_Media->wp_prepare_attachment_for_js(Array, Object(WP_Post), Array)
#5 /home/nicedesi/panache.nic-edesign.com/wp-includes/plugin.php(189): WP_Hook->apply_filters(Array, Array)
#6 /home/nicedesi/p in /home/nicedesi/panache.nic-edesign.com/wp-content/themes/wwcs/functions.php on line 262

2022-01-02T02:45:11+00:00 CRITICAL Uncaught Error: Function name must be a string in /home/nicedesi/panache.nic-edesign.com/wp-content/themes/wwcs/functions.php:262
Stack trace:
#0 /home/nicedesi/panache.nic-edesign.com/wp-includes/class-wp-hook.php(303): my_acf_validate_attachment(Array, Array, Array, Array, 'prepare')
#1 /home/nicedesi/panache.nic-edesign.com/wp-includes/plugin.php(189): WP_Hook->apply_filters(Array, Array)
#2 /home/nicedesi/panache.nic-edesign.com/wp-content/plugins/advanced-custom-fields/includes/api/api-helpers.php(3443): apply_filters('acf/validate_at...', Array, Array, Array, Array, 'prepare')
#3 /home/nicedesi/panache.nic-edesign.com/wp-content/plugins/advanced-custom-fields/includes/media.php(209): acf_validate_attachment(Array, Array, 'prepare')
#4 /home/nicedesi/panache.nic-edesign.com/wp-includes/class-wp-hook.php(303): ACF_Media->wp_prepare_attachment_for_js(Array, Object(WP_Post), Array)
#5 /home/nicedesi/panache.nic-edesign.com/wp-includes/plugin.php(189): WP_Hook->apply_filters(Array, Array)
#6 /home/nicedesi/p in /home/nicedesi/panache.nic-edesign.com/wp-content/themes/wwcs/functions.php on line 262

2022-01-02T02:45:17+00:00 CRITICAL Uncaught Error: Function name must be a string in /home/nicedesi/panache.nic-edesign.com/wp-content/themes/wwcs/functions.php:262
Stack trace:
#0 /home/nicedesi/panache.nic-edesign.com/wp-includes/class-wp-hook.php(303): my_acf_validate_attachment(Array, Array, Array, Array, 'upload')
#1 /home/nicedesi/panache.nic-edesign.com/wp-includes/plugin.php(189): WP_Hook->apply_filters(Array, Array)
#2 /home/nicedesi/panache.nic-edesign.com/wp-content/plugins/advanced-custom-fields/includes/api/api-helpers.php(3443): apply_filters('acf/validate_at...', Array, Array, Array, Array, 'upload')
#3 /home/nicedesi/panache.nic-edesign.com/wp-content/plugins/advanced-custom-fields/includes/media.php(98): acf_validate_attachment(Array, Array, 'upload')
#4 /home/nicedesi/panache.nic-edesign.com/wp-includes/class-wp-hook.php(303): ACF_Media->handle_upload_prefilter(Array)
#5 /home/nicedesi/panache.nic-edesign.com/wp-includes/plugin.php(189): WP_Hook->apply_filters(Array, Array)
#6 /home/nicedesi/panache.nic-edesign.com/wp-admin/i in /home/nicedesi/panache.nic-edesign.com/wp-content/themes/wwcs/functions.php on line 262

2022-01-02T02:45:18+00:00 CRITICAL Uncaught Error: Function name must be a string in /home/nicedesi/panache.nic-edesign.com/wp-content/themes/wwcs/functions.php:262
Stack trace:
#0 /home/nicedesi/panache.nic-edesign.com/wp-includes/class-wp-hook.php(303): my_acf_validate_attachment(Array, Array, Array, Array, 'prepare')
#1 /home/nicedesi/panache.nic-edesign.com/wp-includes/plugin.php(189): WP_Hook->apply_filters(Array, Array)
#2 /home/nicedesi/panache.nic-edesign.com/wp-content/plugins/advanced-custom-fields/includes/api/api-helpers.php(3443): apply_filters('acf/validate_at...', Array, Array, Array, Array, 'prepare')
#3 /home/nicedesi/panache.nic-edesign.com/wp-content/plugins/advanced-custom-fields/includes/media.php(209): acf_validate_attachment(Array, Array, 'prepare')
#4 /home/nicedesi/panache.nic-edesign.com/wp-includes/class-wp-hook.php(303): ACF_Media->wp_prepare_attachment_for_js(Array, Object(WP_Post), Array)
#5 /home/nicedesi/panache.nic-edesign.com/wp-includes/plugin.php(189): WP_Hook->apply_filters(Array, Array)
#6 /home/nicedesi/p in /home/nicedesi/panache.nic-edesign.com/wp-content/themes/wwcs/functions.php on line 262

2022-01-02T02:45:45+00:00 CRITICAL Uncaught Error: Function name must be a string in /home/nicedesi/panache.nic-edesign.com/wp-content/themes/wwcs/functions.php:262
Stack trace:
#0 /home/nicedesi/panache.nic-edesign.com/wp-includes/class-wp-hook.php(303): my_acf_validate_attachment(Array, Array, Array, Array, 'upload')
#1 /home/nicedesi/panache.nic-edesign.com/wp-includes/plugin.php(189): WP_Hook->apply_filters(Array, Array)
#2 /home/nicedesi/panache.nic-edesign.com/wp-content/plugins/advanced-custom-fields/includes/api/api-helpers.php(3443): apply_filters('acf/validate_at...', Array, Array, Array, Array, 'upload')
#3 /home/nicedesi/panache.nic-edesign.com/wp-content/plugins/advanced-custom-fields/includes/media.php(98): acf_validate_attachment(Array, Array, 'upload')
#4 /home/nicedesi/panache.nic-edesign.com/wp-includes/class-wp-hook.php(303): ACF_Media->handle_upload_prefilter(Array)
#5 /home/nicedesi/panache.nic-edesign.com/wp-includes/plugin.php(189): WP_Hook->apply_filters(Array, Array)
#6 /home/nicedesi/panache.nic-edesign.com/wp-admin/i in /home/nicedesi/panache.nic-edesign.com/wp-content/themes/wwcs/functions.php on line 262

2022-01-02T02:45:45+00:00 CRITICAL Uncaught Error: Function name must be a string in /home/nicedesi/panache.nic-edesign.com/wp-content/themes/wwcs/functions.php:262
Stack trace:
#0 /home/nicedesi/panache.nic-edesign.com/wp-includes/class-wp-hook.php(303): my_acf_validate_attachment(Array, Array, Array, Array, 'prepare')
#1 /home/nicedesi/panache.nic-edesign.com/wp-includes/plugin.php(189): WP_Hook->apply_filters(Array, Array)
#2 /home/nicedesi/panache.nic-edesign.com/wp-content/plugins/advanced-custom-fields/includes/api/api-helpers.php(3443): apply_filters('acf/validate_at...', Array, Array, Array, Array, 'prepare')
#3 /home/nicedesi/panache.nic-edesign.com/wp-content/plugins/advanced-custom-fields/includes/media.php(209): acf_validate_attachment(Array, Array, 'prepare')
#4 /home/nicedesi/panache.nic-edesign.com/wp-includes/class-wp-hook.php(303): ACF_Media->wp_prepare_attachment_for_js(Array, Object(WP_Post), Array)
#5 /home/nicedesi/panache.nic-edesign.com/wp-includes/plugin.php(189): WP_Hook->apply_filters(Array, Array)
#6 /home/nicedesi/p in /home/nicedesi/panache.nic-edesign.com/wp-content/themes/wwcs/functions.php on line 262

2022-01-02T02:46:06+00:00 CRITICAL Uncaught Error: Function name must be a string in /home/nicedesi/panache.nic-edesign.com/wp-content/themes/wwcs/functions.php:262
Stack trace:
#0 /home/nicedesi/panache.nic-edesign.com/wp-includes/class-wp-hook.php(303): my_acf_validate_attachment(Array, Array, Array, Array, 'upload')
#1 /home/nicedesi/panache.nic-edesign.com/wp-includes/plugin.php(189): WP_Hook->apply_filters(Array, Array)
#2 /home/nicedesi/panache.nic-edesign.com/wp-content/plugins/advanced-custom-fields/includes/api/api-helpers.php(3443): apply_filters('acf/validate_at...', Array, Array, Array, Array, 'upload')
#3 /home/nicedesi/panache.nic-edesign.com/wp-content/plugins/advanced-custom-fields/includes/media.php(98): acf_validate_attachment(Array, Array, 'upload')
#4 /home/nicedesi/panache.nic-edesign.com/wp-includes/class-wp-hook.php(303): ACF_Media->handle_upload_prefilter(Array)
#5 /home/nicedesi/panache.nic-edesign.com/wp-includes/plugin.php(189): WP_Hook->apply_filters(Array, Array)
#6 /home/nicedesi/panache.nic-edesign.com/wp-admin/i in /home/nicedesi/panache.nic-edesign.com/wp-content/themes/wwcs/functions.php on line 262

2022-01-02T02:46:07+00:00 CRITICAL Uncaught Error: Function name must be a string in /home/nicedesi/panache.nic-edesign.com/wp-content/themes/wwcs/functions.php:262
Stack trace:
#0 /home/nicedesi/panache.nic-edesign.com/wp-includes/class-wp-hook.php(303): my_acf_validate_attachment(Array, Array, Array, Array, 'prepare')
#1 /home/nicedesi/panache.nic-edesign.com/wp-includes/plugin.php(189): WP_Hook->apply_filters(Array, Array)
#2 /home/nicedesi/panache.nic-edesign.com/wp-content/plugins/advanced-custom-fields/includes/api/api-helpers.php(3443): apply_filters('acf/validate_at...', Array, Array, Array, Array, 'prepare')
#3 /home/nicedesi/panache.nic-edesign.com/wp-content/plugins/advanced-custom-fields/includes/media.php(209): acf_validate_attachment(Array, Array, 'prepare')
#4 /home/nicedesi/panache.nic-edesign.com/wp-includes/class-wp-hook.php(303): ACF_Media->wp_prepare_attachment_for_js(Array, Object(WP_Post), Array)
#5 /home/nicedesi/panache.nic-edesign.com/wp-includes/plugin.php(189): WP_Hook->apply_filters(Array, Array)
#6 /home/nicedesi/p in /home/nicedesi/panache.nic-edesign.com/wp-content/themes/wwcs/functions.php on line 262

2022-01-02T02:46:33+00:00 CRITICAL Uncaught Error: Function name must be a string in /home/nicedesi/panache.nic-edesign.com/wp-content/themes/wwcs/functions.php:262
Stack trace:
#0 /home/nicedesi/panache.nic-edesign.com/wp-includes/class-wp-hook.php(303): my_acf_validate_attachment(Array, Array, Array, Array, 'prepare')
#1 /home/nicedesi/panache.nic-edesign.com/wp-includes/plugin.php(189): WP_Hook->apply_filters(Array, Array)
#2 /home/nicedesi/panache.nic-edesign.com/wp-content/plugins/advanced-custom-fields/includes/api/api-helpers.php(3443): apply_filters('acf/validate_at...', Array, Array, Array, Array, 'prepare')
#3 /home/nicedesi/panache.nic-edesign.com/wp-content/plugins/advanced-custom-fields/includes/media.php(209): acf_validate_attachment(Array, Array, 'prepare')
#4 /home/nicedesi/panache.nic-edesign.com/wp-includes/class-wp-hook.php(303): ACF_Media->wp_prepare_attachment_for_js(Array, Object(WP_Post), Array)
#5 /home/nicedesi/panache.nic-edesign.com/wp-includes/plugin.php(189): WP_Hook->apply_filters(Array, Array)
#6 /home/nicedesi/p in /home/nicedesi/panache.nic-edesign.com/wp-content/themes/wwcs/functions.php on line 262

2022-01-02T13:49:58+00:00 CRITICAL Cannot redeclare my_login_redirect() (previously declared in /home/nicedesi/panache.nic-edesign.com/wp-content/themes/wwcs/functions.php:251) in /home/nicedesi/panache.nic-edesign.com/wp-content/themes/wwcs/functions.php on line 297

2022-01-02T15:58:48+00:00 CRITICAL Uncaught Error: Call to a member function have_posts() on array in /home/nicedesi/panache.nic-edesign.com/wp-content/themes/wwcs/archive-product.php:66
Stack trace:
#0 /home/nicedesi/panache.nic-edesign.com/wp-includes/template-loader.php(106): include()
#1 /home/nicedesi/panache.nic-edesign.com/wp-blog-header.php(19): require_once('/home/nicedesi/...')
#2 /home/nicedesi/panache.nic-edesign.com/index.php(17): require('/home/nicedesi/...')
#3 {main}
  thrown in /home/nicedesi/panache.nic-edesign.com/wp-content/themes/wwcs/archive-product.php on line 66

2022-01-02T17:08:37+00:00 CRITICAL Uncaught Error: Call to a member function get_id() on null in /home/nicedesi/panache.nic-edesign.com/wp-content/plugins/wws-wishlist/wws-wishlist.php:69
Stack trace:
#0 /home/nicedesi/panache.nic-edesign.com/wp-includes/class-wp-hook.php(303): wishlist_toggle('wishlist_toggle')
#1 /home/nicedesi/panache.nic-edesign.com/wp-includes/class-wp-hook.php(327): WP_Hook->apply_filters('', Array)
#2 /home/nicedesi/panache.nic-edesign.com/wp-includes/plugin.php(470): WP_Hook->do_action(Array)
#3 /home/nicedesi/panache.nic-edesign.com/wp-content/themes/wwcs/archive-product.php(82): do_action('wishlist_toggle', 'wishlist_toggle')
#4 /home/nicedesi/panache.nic-edesign.com/wp-includes/template-loader.php(106): include('/home/nicedesi/...')
#5 /home/nicedesi/panache.nic-edesign.com/wp-blog-header.php(19): require_once('/home/nicedesi/...')
#6 /home/nicedesi/panache.nic-edesign.com/index.php(17): require('/home/nicedesi/...')
#7 {main}
  thrown in /home/nicedesi/panache.nic-edesign.com/wp-content/plugins/wws-wishlist/wws-wishlist.php on line 69

2022-01-02T18:24:11+00:00 CRITICAL Uncaught Error: Call to a member function add_to_cart_url() on null in /home/nicedesi/panache.nic-edesign.com/wp-content/themes/wwcs/archive-product.php:136
Stack trace:
#0 /home/nicedesi/panache.nic-edesign.com/wp-includes/template-loader.php(106): include()
#1 /home/nicedesi/panache.nic-edesign.com/wp-blog-header.php(19): require_once('/home/nicedesi/...')
#2 /home/nicedesi/panache.nic-edesign.com/index.php(17): require('/home/nicedesi/...')
#3 {main}
  thrown in /home/nicedesi/panache.nic-edesign.com/wp-content/themes/wwcs/archive-product.php on line 136

2022-01-02T18:25:32+00:00 CRITICAL Uncaught Error: Call to a member function add_to_cart_url() on null in /home/nicedesi/panache.nic-edesign.com/wp-content/themes/wwcs/archive-product.php:137
Stack trace:
#0 /home/nicedesi/panache.nic-edesign.com/wp-includes/template-loader.php(106): include()
#1 /home/nicedesi/panache.nic-edesign.com/wp-blog-header.php(19): require_once('/home/nicedesi/...')
#2 /home/nicedesi/panache.nic-edesign.com/index.php(17): require('/home/nicedesi/...')
#3 {main}
  thrown in /home/nicedesi/panache.nic-edesign.com/wp-content/themes/wwcs/archive-product.php on line 137

2022-01-02T18:27:06+00:00 CRITICAL Uncaught Error: Call to undefined method WP_Post::add_to_cart_url() in /home/nicedesi/panache.nic-edesign.com/wp-content/themes/wwcs/archive-product.php:138
Stack trace:
#0 /home/nicedesi/panache.nic-edesign.com/wp-includes/template-loader.php(106): include()
#1 /home/nicedesi/panache.nic-edesign.com/wp-blog-header.php(19): require_once('/home/nicedesi/...')
#2 /home/nicedesi/panache.nic-edesign.com/index.php(17): require('/home/nicedesi/...')
#3 {main}
  thrown in /home/nicedesi/panache.nic-edesign.com/wp-content/themes/wwcs/archive-product.php on line 138

2022-01-02T18:29:05+00:00 CRITICAL Uncaught Error: Call to undefined method WP_Post::add_to_cart_url() in /home/nicedesi/panache.nic-edesign.com/wp-content/themes/wwcs/archive-product.php:139
Stack trace:
#0 /home/nicedesi/panache.nic-edesign.com/wp-includes/template-loader.php(106): include()
#1 /home/nicedesi/panache.nic-edesign.com/wp-blog-header.php(19): require_once('/home/nicedesi/...')
#2 /home/nicedesi/panache.nic-edesign.com/index.php(17): require('/home/nicedesi/...')
#3 {main}
  thrown in /home/nicedesi/panache.nic-edesign.com/wp-content/themes/wwcs/archive-product.php on line 139

2022-01-02T18:35:16+00:00 CRITICAL Uncaught Error: Call to undefined method WP_Post::add_to_cart_url() in /home/nicedesi/panache.nic-edesign.com/wp-content/themes/wwcs/archive-product.php:135
Stack trace:
#0 /home/nicedesi/panache.nic-edesign.com/wp-includes/template-loader.php(106): include()
#1 /home/nicedesi/panache.nic-edesign.com/wp-blog-header.php(19): require_once('/home/nicedesi/...')
#2 /home/nicedesi/panache.nic-edesign.com/index.php(17): require('/home/nicedesi/...')
#3 {main}
  thrown in /home/nicedesi/panache.nic-edesign.com/wp-content/themes/wwcs/archive-product.php on line 135

2022-01-02T18:39:24+00:00 CRITICAL Uncaught Error: Call to a member function add_to_cart_url() on bool in /home/nicedesi/panache.nic-edesign.com/wp-content/themes/wwcs/archive-product.php:136
Stack trace:
#0 /home/nicedesi/panache.nic-edesign.com/wp-includes/template-loader.php(106): include()
#1 /home/nicedesi/panache.nic-edesign.com/wp-blog-header.php(19): require_once('/home/nicedesi/...')
#2 /home/nicedesi/panache.nic-edesign.com/index.php(17): require('/home/nicedesi/...')
#3 {main}
  thrown in /home/nicedesi/panache.nic-edesign.com/wp-content/themes/wwcs/archive-product.php on line 136

2022-01-02T18:41:21+00:00 CRITICAL Uncaught Error: Call to a member function add_to_cart_url() on bool in /home/nicedesi/panache.nic-edesign.com/wp-content/themes/wwcs/archive-product.php:137
Stack trace:
#0 /home/nicedesi/panache.nic-edesign.com/wp-includes/template-loader.php(106): include()
#1 /home/nicedesi/panache.nic-edesign.com/wp-blog-header.php(19): require_once('/home/nicedesi/...')
#2 /home/nicedesi/panache.nic-edesign.com/index.php(17): require('/home/nicedesi/...')
#3 {main}
  thrown in /home/nicedesi/panache.nic-edesign.com/wp-content/themes/wwcs/archive-product.php on line 137

2022-01-02T19:55:04+00:00 CRITICAL Uncaught Error: Call to undefined method WP_Post::get_type() in /home/nicedesi/panache.nic-edesign.com/wp-content/plugins/woocommerce/includes/wc-template-functions.php:1336
Stack trace:
#0 /home/nicedesi/panache.nic-edesign.com/wp-includes/class-wp-hook.php(303): woocommerce_template_loop_add_to_cart('woocommerce_tem...')
#1 /home/nicedesi/panache.nic-edesign.com/wp-includes/class-wp-hook.php(327): WP_Hook->apply_filters(NULL, Array)
#2 /home/nicedesi/panache.nic-edesign.com/wp-includes/plugin.php(470): WP_Hook->do_action(Array)
#3 /home/nicedesi/panache.nic-edesign.com/wp-content/themes/wwcs/archive-product.php(132): do_action('woocommerce_aft...', 'woocommerce_tem...')
#4 /home/nicedesi/panache.nic-edesign.com/wp-includes/template-loader.php(106): include('/home/nicedesi/...')
#5 /home/nicedesi/panache.nic-edesign.com/wp-blog-header.php(19): require_once('/home/nicedesi/...')
#6 /home/nicedesi/panache.nic-edesign.com/index.php(17): require('/home/nicedesi/...')
#7 {main}
  thrown in /home/nicedesi/panache.nic-edesign.com/wp-content/plugins/woocommerce/includes/wc-template-functions.php on line 1336

2022-01-02T19:56:17+00:00 CRITICAL Uncaught Error: Call to undefined method WP_Post::get_type() in /home/nicedesi/panache.nic-edesign.com/wp-content/plugins/woocommerce/includes/wc-template-functions.php:1336
Stack trace:
#0 /home/nicedesi/panache.nic-edesign.com/wp-includes/class-wp-hook.php(303): woocommerce_template_loop_add_to_cart('woocommerce_tem...')
#1 /home/nicedesi/panache.nic-edesign.com/wp-includes/class-wp-hook.php(327): WP_Hook->apply_filters(NULL, Array)
#2 /home/nicedesi/panache.nic-edesign.com/wp-includes/plugin.php(470): WP_Hook->do_action(Array)
#3 /home/nicedesi/panache.nic-edesign.com/wp-content/themes/wwcs/archive-product.php(133): do_action('woocommerce_aft...', 'woocommerce_tem...')
#4 /home/nicedesi/panache.nic-edesign.com/wp-includes/template-loader.php(106): include('/home/nicedesi/...')
#5 /home/nicedesi/panache.nic-edesign.com/wp-blog-header.php(19): require_once('/home/nicedesi/...')
#6 /home/nicedesi/panache.nic-edesign.com/index.php(17): require('/home/nicedesi/...')
#7 {main}
  thrown in /home/nicedesi/panache.nic-edesign.com/wp-content/plugins/woocommerce/includes/wc-template-functions.php on line 1336

2022-01-02T20:58:21+00:00 CRITICAL Uncaught Error: Call to undefined method WP_Post::get_type() in /home/nicedesi/panache.nic-edesign.com/wp-content/plugins/woocommerce/includes/wc-template-functions.php:1336
Stack trace:
#0 /home/nicedesi/panache.nic-edesign.com/wp-includes/class-wp-hook.php(303): woocommerce_template_loop_add_to_cart('woocommerce_tem...')
#1 /home/nicedesi/panache.nic-edesign.com/wp-includes/class-wp-hook.php(327): WP_Hook->apply_filters(NULL, Array)
#2 /home/nicedesi/panache.nic-edesign.com/wp-includes/plugin.php(470): WP_Hook->do_action(Array)
#3 /home/nicedesi/panache.nic-edesign.com/wp-content/themes/wwcs/archive-product.php(133): do_action('woocommerce_aft...', 'woocommerce_tem...')
#4 /home/nicedesi/panache.nic-edesign.com/wp-includes/template-loader.php(106): include('/home/nicedesi/...')
#5 /home/nicedesi/panache.nic-edesign.com/wp-blog-header.php(19): require_once('/home/nicedesi/...')
#6 /home/nicedesi/panache.nic-edesign.com/index.php(17): require('/home/nicedesi/...')
#7 {main}
  thrown in /home/nicedesi/panache.nic-edesign.com/wp-content/plugins/woocommerce/includes/wc-template-functions.php on line 1336

2022-01-02T20:59:21+00:00 CRITICAL Uncaught Error: Call to undefined method WP_Post::get_type() in /home/nicedesi/panache.nic-edesign.com/wp-content/plugins/woocommerce/includes/wc-template-functions.php:1336
Stack trace:
#0 /home/nicedesi/panache.nic-edesign.com/wp-includes/class-wp-hook.php(303): woocommerce_template_loop_add_to_cart('woocommerce_tem...')
#1 /home/nicedesi/panache.nic-edesign.com/wp-includes/class-wp-hook.php(327): WP_Hook->apply_filters(NULL, Array)
#2 /home/nicedesi/panache.nic-edesign.com/wp-includes/plugin.php(470): WP_Hook->do_action(Array)
#3 /home/nicedesi/panache.nic-edesign.com/wp-content/themes/wwcs/archive-product.php(133): do_action('woocommerce_aft...', 'woocommerce_tem...')
#4 /home/nicedesi/panache.nic-edesign.com/wp-includes/template-loader.php(106): include('/home/nicedesi/...')
#5 /home/nicedesi/panache.nic-edesign.com/wp-blog-header.php(19): require_once('/home/nicedesi/...')
#6 /home/nicedesi/panache.nic-edesign.com/index.php(17): require('/home/nicedesi/...')
#7 {main}
  thrown in /home/nicedesi/panache.nic-edesign.com/wp-content/plugins/woocommerce/includes/wc-template-functions.php on line 1336

2022-01-02T21:01:25+00:00 CRITICAL Uncaught Error: Call to undefined method WP_Post::get_type() in /home/nicedesi/panache.nic-edesign.com/wp-content/plugins/woocommerce/includes/wc-template-functions.php:1336
Stack trace:
#0 /home/nicedesi/panache.nic-edesign.com/wp-includes/class-wp-hook.php(303): woocommerce_template_loop_add_to_cart('woocommerce_tem...')
#1 /home/nicedesi/panache.nic-edesign.com/wp-includes/class-wp-hook.php(327): WP_Hook->apply_filters(NULL, Array)
#2 /home/nicedesi/panache.nic-edesign.com/wp-includes/plugin.php(470): WP_Hook->do_action(Array)
#3 /home/nicedesi/panache.nic-edesign.com/wp-content/themes/wwcs/archive-product.php(133): do_action('woocommerce_aft...', 'woocommerce_tem...')
#4 /home/nicedesi/panache.nic-edesign.com/wp-includes/template-loader.php(106): include('/home/nicedesi/...')
#5 /home/nicedesi/panache.nic-edesign.com/wp-blog-header.php(19): require_once('/home/nicedesi/...')
#6 /home/nicedesi/panache.nic-edesign.com/index.php(17): require('/home/nicedesi/...')
#7 {main}
  thrown in /home/nicedesi/panache.nic-edesign.com/wp-content/plugins/woocommerce/includes/wc-template-functions.php on line 1336

