2021-12-20T00:48:22+00:00 CRITICAL Cannot use [] for reading in /home/nicedesi/panache.nic-edesign.com/wp-content/plugins/wws-set-tags/wws-set-tag-functions.php on line 403

2021-12-20T00:48:26+00:00 CRITICAL Cannot use [] for reading in /home/nicedesi/panache.nic-edesign.com/wp-content/plugins/wws-set-tags/wws-set-tag-functions.php on line 403

2021-12-20T19:14:07+00:00 CRITICAL Uncaught Error: Call to a member function have_posts() on string in /home/nicedesi/panache.nic-edesign.com/wp-content/plugins/wws-set-tags/wws-set-tag-functions.php:453
Stack trace:
#0 /home/nicedesi/panache.nic-edesign.com/wp-includes/shortcodes.php(356): notes_array('', '', 'notes_array')
#1 [internal function]: do_shortcode_tag(Array)
#2 /home/nicedesi/panache.nic-edesign.com/wp-includes/shortcodes.php(228): preg_replace_callback('/\\[(\\[?)(notes_...', 'do_shortcode_ta...', '[notes_array]')
#3 /home/nicedesi/panache.nic-edesign.com/wp-content/themes/wwcs/single-product.php(67): do_shortcode('[notes_array]')
#4 /home/nicedesi/panache.nic-edesign.com/wp-includes/template-loader.php(106): include('/home/nicedesi/...')
#5 /home/nicedesi/panache.nic-edesign.com/wp-blog-header.php(19): require_once('/home/nicedesi/...')
#6 /home/nicedesi/panache.nic-edesign.com/index.php(17): require('/home/nicedesi/...')
#7 {main}
  thrown in /home/nicedesi/panache.nic-edesign.com/wp-content/plugins/wws-set-tags/wws-set-tag-functions.php on line 453

2021-12-20T19:58:39+00:00 CRITICAL Uncaught Error: Call to a member function have_posts() on array in /home/nicedesi/panache.nic-edesign.com/wp-content/plugins/wws-set-tags/wws-set-tag-functions.php:456
Stack trace:
#0 /home/nicedesi/panache.nic-edesign.com/wp-includes/shortcodes.php(356): notes_array('', '', 'notes_array')
#1 [internal function]: do_shortcode_tag(Array)
#2 /home/nicedesi/panache.nic-edesign.com/wp-includes/shortcodes.php(228): preg_replace_callback('/\\[(\\[?)(notes_...', 'do_shortcode_ta...', '[notes_array]')
#3 /home/nicedesi/panache.nic-edesign.com/wp-content/themes/wwcs/single-product.php(67): do_shortcode('[notes_array]')
#4 /home/nicedesi/panache.nic-edesign.com/wp-includes/template-loader.php(106): include('/home/nicedesi/...')
#5 /home/nicedesi/panache.nic-edesign.com/wp-blog-header.php(19): require_once('/home/nicedesi/...')
#6 /home/nicedesi/panache.nic-edesign.com/index.php(17): require('/home/nicedesi/...')
#7 {main}
  thrown in /home/nicedesi/panache.nic-edesign.com/wp-content/plugins/wws-set-tags/wws-set-tag-functions.php on line 456

2021-12-20T19:59:49+00:00 CRITICAL Uncaught Error: Call to a member function have_posts() on array in /home/nicedesi/panache.nic-edesign.com/wp-content/plugins/wws-set-tags/wws-set-tag-functions.php:456
Stack trace:
#0 /home/nicedesi/panache.nic-edesign.com/wp-includes/shortcodes.php(356): notes_array('', '', 'notes_array')
#1 [internal function]: do_shortcode_tag(Array)
#2 /home/nicedesi/panache.nic-edesign.com/wp-includes/shortcodes.php(228): preg_replace_callback('/\\[(\\[?)(notes_...', 'do_shortcode_ta...', '[notes_array]')
#3 /home/nicedesi/panache.nic-edesign.com/wp-content/themes/wwcs/single-product.php(67): do_shortcode('[notes_array]')
#4 /home/nicedesi/panache.nic-edesign.com/wp-includes/template-loader.php(106): include('/home/nicedesi/...')
#5 /home/nicedesi/panache.nic-edesign.com/wp-blog-header.php(19): require_once('/home/nicedesi/...')
#6 /home/nicedesi/panache.nic-edesign.com/index.php(17): require('/home/nicedesi/...')
#7 {main}
  thrown in /home/nicedesi/panache.nic-edesign.com/wp-content/plugins/wws-set-tags/wws-set-tag-functions.php on line 456

2021-12-20T20:23:37+00:00 CRITICAL Uncaught Error: Cannot use object of type WP_Query as array in /home/nicedesi/panache.nic-edesign.com/wp-content/plugins/wws-set-tags/wws-set-tag-functions.php:451
Stack trace:
#0 /home/nicedesi/panache.nic-edesign.com/wp-includes/shortcodes.php(356): notes_array('', '', 'notes_array')
#1 [internal function]: do_shortcode_tag(Array)
#2 /home/nicedesi/panache.nic-edesign.com/wp-includes/shortcodes.php(228): preg_replace_callback('/\\[(\\[?)(notes_...', 'do_shortcode_ta...', '[notes_array]')
#3 /home/nicedesi/panache.nic-edesign.com/wp-content/themes/wwcs/single-product.php(67): do_shortcode('[notes_array]')
#4 /home/nicedesi/panache.nic-edesign.com/wp-includes/template-loader.php(106): include('/home/nicedesi/...')
#5 /home/nicedesi/panache.nic-edesign.com/wp-blog-header.php(19): require_once('/home/nicedesi/...')
#6 /home/nicedesi/panache.nic-edesign.com/index.php(17): require('/home/nicedesi/...')
#7 {main}
  thrown in /home/nicedesi/panache.nic-edesign.com/wp-content/plugins/wws-set-tags/wws-set-tag-functions.php on line 451

2021-12-20T20:31:01+00:00 CRITICAL Uncaught Error: Cannot use object of type WP_Tax_Query as array in /home/nicedesi/panache.nic-edesign.com/wp-content/plugins/wws-set-tags/wws-set-tag-functions.php:451
Stack trace:
#0 /home/nicedesi/panache.nic-edesign.com/wp-includes/shortcodes.php(356): notes_array('', '', 'notes_array')
#1 [internal function]: do_shortcode_tag(Array)
#2 /home/nicedesi/panache.nic-edesign.com/wp-includes/shortcodes.php(228): preg_replace_callback('/\\[(\\[?)(notes_...', 'do_shortcode_ta...', '[notes_array]')
#3 /home/nicedesi/panache.nic-edesign.com/wp-content/themes/wwcs/single-product.php(67): do_shortcode('[notes_array]')
#4 /home/nicedesi/panache.nic-edesign.com/wp-includes/template-loader.php(106): include('/home/nicedesi/...')
#5 /home/nicedesi/panache.nic-edesign.com/wp-blog-header.php(19): require_once('/home/nicedesi/...')
#6 /home/nicedesi/panache.nic-edesign.com/index.php(17): require('/home/nicedesi/...')
#7 {main}
  thrown in /home/nicedesi/panache.nic-edesign.com/wp-content/plugins/wws-set-tags/wws-set-tag-functions.php on line 451

2021-12-20T20:31:44+00:00 CRITICAL Uncaught Error: Cannot use object of type WP_Tax_Query as array in /home/nicedesi/panache.nic-edesign.com/wp-content/plugins/wws-set-tags/wws-set-tag-functions.php:451
Stack trace:
#0 /home/nicedesi/panache.nic-edesign.com/wp-includes/shortcodes.php(356): notes_array('', '', 'notes_array')
#1 [internal function]: do_shortcode_tag(Array)
#2 /home/nicedesi/panache.nic-edesign.com/wp-includes/shortcodes.php(228): preg_replace_callback('/\\[(\\[?)(notes_...', 'do_shortcode_ta...', '[notes_array]')
#3 /home/nicedesi/panache.nic-edesign.com/wp-content/themes/wwcs/single-product.php(67): do_shortcode('[notes_array]')
#4 /home/nicedesi/panache.nic-edesign.com/wp-includes/template-loader.php(106): include('/home/nicedesi/...')
#5 /home/nicedesi/panache.nic-edesign.com/wp-blog-header.php(19): require_once('/home/nicedesi/...')
#6 /home/nicedesi/panache.nic-edesign.com/index.php(17): require('/home/nicedesi/...')
#7 {main}
  thrown in /home/nicedesi/panache.nic-edesign.com/wp-content/plugins/wws-set-tags/wws-set-tag-functions.php on line 451

2021-12-20T22:08:59+00:00 CRITICAL Uncaught Error: Cannot use object of type WP_Post as array in /home/nicedesi/panache.nic-edesign.com/wp-content/plugins/wws-set-tags/wws-set-tag-functions.php:454
Stack trace:
#0 /home/nicedesi/panache.nic-edesign.com/wp-includes/shortcodes.php(356): notes_array('', '', 'notes_array')
#1 [internal function]: do_shortcode_tag(Array)
#2 /home/nicedesi/panache.nic-edesign.com/wp-includes/shortcodes.php(228): preg_replace_callback('/\\[(\\[?)(notes_...', 'do_shortcode_ta...', '[notes_array]')
#3 /home/nicedesi/panache.nic-edesign.com/wp-content/themes/wwcs/single-product.php(67): do_shortcode('[notes_array]')
#4 /home/nicedesi/panache.nic-edesign.com/wp-includes/template-loader.php(106): include('/home/nicedesi/...')
#5 /home/nicedesi/panache.nic-edesign.com/wp-blog-header.php(19): require_once('/home/nicedesi/...')
#6 /home/nicedesi/panache.nic-edesign.com/index.php(17): require('/home/nicedesi/...')
#7 {main}
  thrown in /home/nicedesi/panache.nic-edesign.com/wp-content/plugins/wws-set-tags/wws-set-tag-functions.php on line 454

