2022-01-05T00:06:33+00:00 CRITICAL Uncaught ArgumentCountError: Too few arguments to function get_the_terms(), 1 passed in /home/nicedesi/panache.nic-edesign.com/wp-content/plugins/wws-set-tags/wws-set-tag-functions.php on line 574 and exactly 2 expected in /home/nicedesi/panache.nic-edesign.com/wp-includes/category-template.php:1274
Stack trace:
#0 /home/nicedesi/panache.nic-edesign.com/wp-content/plugins/wws-set-tags/wws-set-tag-functions.php(574): get_the_terms(Array)
#1 /home/nicedesi/panache.nic-edesign.com/wp-includes/shortcodes.php(356): product_filter_tags('', '', 'product_filter_...')
#2 [internal function]: do_shortcode_tag(Array)
#3 /home/nicedesi/panache.nic-edesign.com/wp-includes/shortcodes.php(228): preg_replace_callback('/\\[(\\[?)(produc...', 'do_shortcode_ta...', '[product_filter...')
#4 /home/nicedesi/panache.nic-edesign.com/wp-content/themes/wwcs/archive-product.php(76): do_shortcode('[product_filter...')
#5 /home/nicedesi/panache.nic-edesign.com/wp-includes/template-loader.php(106): include('/home/nicedesi/...')
#6 /home/n in /home/nicedesi/panache.nic-edesign.com/wp-includes/category-template.php on line 1274

2022-01-05T00:09:01+00:00 CRITICAL Uncaught ArgumentCountError: Too few arguments to function get_the_terms(), 1 passed in /home/nicedesi/panache.nic-edesign.com/wp-content/plugins/wws-set-tags/wws-set-tag-functions.php on line 573 and exactly 2 expected in /home/nicedesi/panache.nic-edesign.com/wp-includes/category-template.php:1274
Stack trace:
#0 /home/nicedesi/panache.nic-edesign.com/wp-content/plugins/wws-set-tags/wws-set-tag-functions.php(573): get_the_terms(Array)
#1 /home/nicedesi/panache.nic-edesign.com/wp-includes/shortcodes.php(356): product_filter_tags('', '', 'product_filter_...')
#2 [internal function]: do_shortcode_tag(Array)
#3 /home/nicedesi/panache.nic-edesign.com/wp-includes/shortcodes.php(228): preg_replace_callback('/\\[(\\[?)(produc...', 'do_shortcode_ta...', '[product_filter...')
#4 /home/nicedesi/panache.nic-edesign.com/wp-content/themes/wwcs/archive-product.php(76): do_shortcode('[product_filter...')
#5 /home/nicedesi/panache.nic-edesign.com/wp-includes/template-loader.php(106): include('/home/nicedesi/...')
#6 /home/n in /home/nicedesi/panache.nic-edesign.com/wp-includes/category-template.php on line 1274

2022-01-05T22:33:38+00:00 CRITICAL Uncaught ArgumentCountError: Too few arguments to function wp_list_pluck(), 1 passed in /home/nicedesi/panache.nic-edesign.com/wp-content/plugins/wws-set-tags/wws-set-tag-functions.php on line 570 and at least 2 expected in /home/nicedesi/panache.nic-edesign.com/wp-includes/functions.php:5021
Stack trace:
#0 /home/nicedesi/panache.nic-edesign.com/wp-content/plugins/wws-set-tags/wws-set-tag-functions.php(570): wp_list_pluck(NULL)
#1 /home/nicedesi/panache.nic-edesign.com/wp-includes/shortcodes.php(356): product_filter_tags('', '', 'product_filter_...')
#2 [internal function]: do_shortcode_tag(Array)
#3 /home/nicedesi/panache.nic-edesign.com/wp-includes/shortcodes.php(228): preg_replace_callback('/\\[(\\[?)(produc...', 'do_shortcode_ta...', '[product_filter...')
#4 /home/nicedesi/panache.nic-edesign.com/wp-content/themes/wwcs/archive-product.php(76): do_shortcode('[product_filter...')
#5 /home/nicedesi/panache.nic-edesign.com/wp-includes/template-loader.php(106): include('/home/nicedesi/...')
#6 /home/nicedesi/ in /home/nicedesi/panache.nic-edesign.com/wp-includes/functions.php on line 5021

