2022-01-10T00:44:03+00:00 CRITICAL Uncaught Error: Call to undefined function strcomp() in /home/nicedesi/panache.nic-edesign.com/wp-content/themes/wwcs/searchpage.php:56
Stack trace:
#0 /home/nicedesi/panache.nic-edesign.com/wp-includes/template-loader.php(106): include()
#1 /home/nicedesi/panache.nic-edesign.com/wp-blog-header.php(19): require_once('/home/nicedesi/...')
#2 /home/nicedesi/panache.nic-edesign.com/index.php(17): require('/home/nicedesi/...')
#3 {main}
  thrown in /home/nicedesi/panache.nic-edesign.com/wp-content/themes/wwcs/searchpage.php on line 56

2022-01-10T00:44:47+00:00 CRITICAL Uncaught Error: Call to undefined function str_comp() in /home/nicedesi/panache.nic-edesign.com/wp-content/themes/wwcs/searchpage.php:56
Stack trace:
#0 /home/nicedesi/panache.nic-edesign.com/wp-includes/template-loader.php(106): include()
#1 /home/nicedesi/panache.nic-edesign.com/wp-blog-header.php(19): require_once('/home/nicedesi/...')
#2 /home/nicedesi/panache.nic-edesign.com/index.php(17): require('/home/nicedesi/...')
#3 {main}
  thrown in /home/nicedesi/panache.nic-edesign.com/wp-content/themes/wwcs/searchpage.php on line 56

2022-01-10T02:29:30+00:00 CRITICAL Uncaught Error: Call to undefined function reset_postdata() in /home/nicedesi/panache.nic-edesign.com/wp-content/themes/wwcs/searchpage.php:146
Stack trace:
#0 /home/nicedesi/panache.nic-edesign.com/wp-includes/template-loader.php(106): include()
#1 /home/nicedesi/panache.nic-edesign.com/wp-blog-header.php(19): require_once('/home/nicedesi/...')
#2 /home/nicedesi/panache.nic-edesign.com/index.php(17): require('/home/nicedesi/...')
#3 {main}
  thrown in /home/nicedesi/panache.nic-edesign.com/wp-content/themes/wwcs/searchpage.php on line 146

2022-01-10T02:31:20+00:00 CRITICAL Uncaught Error: Call to undefined function reset_postdata() in /home/nicedesi/panache.nic-edesign.com/wp-content/themes/wwcs/searchpage.php:146
Stack trace:
#0 /home/nicedesi/panache.nic-edesign.com/wp-includes/template-loader.php(106): include()
#1 /home/nicedesi/panache.nic-edesign.com/wp-blog-header.php(19): require_once('/home/nicedesi/...')
#2 /home/nicedesi/panache.nic-edesign.com/index.php(17): require('/home/nicedesi/...')
#3 {main}
  thrown in /home/nicedesi/panache.nic-edesign.com/wp-content/themes/wwcs/searchpage.php on line 146

2022-01-10T15:09:15+00:00 CRITICAL Cannot use [] for reading in /home/nicedesi/panache.nic-edesign.com/wp-content/plugins/wws-set-tags/wws-set-tag-functions.php on line 639

