2022-01-06T19:17:20+00:00 CRITICAL Uncaught Error: Cannot use object of type WC_Product_Simple as array in /home/nicedesi/panache.nic-edesign.com/wp-content/themes/wwcs/archive-product.php:98
Stack trace:
#0 /home/nicedesi/panache.nic-edesign.com/wp-includes/template-loader.php(106): include()
#1 /home/nicedesi/panache.nic-edesign.com/wp-blog-header.php(19): require_once('/home/nicedesi/...')
#2 /home/nicedesi/panache.nic-edesign.com/index.php(17): require('/home/nicedesi/...')
#3 {main}
  thrown in /home/nicedesi/panache.nic-edesign.com/wp-content/themes/wwcs/archive-product.php on line 98

2022-01-06T20:20:50+00:00 CRITICAL Uncaught Error: Cannot use object of type WC_Product_Simple as array in /home/nicedesi/panache.nic-edesign.com/wp-content/themes/wwcs/archive-product.php:52
Stack trace:
#0 /home/nicedesi/panache.nic-edesign.com/wp-includes/template-loader.php(106): include()
#1 /home/nicedesi/panache.nic-edesign.com/wp-blog-header.php(19): require_once('/home/nicedesi/...')
#2 /home/nicedesi/panache.nic-edesign.com/index.php(17): require('/home/nicedesi/...')
#3 {main}
  thrown in /home/nicedesi/panache.nic-edesign.com/wp-content/themes/wwcs/archive-product.php on line 52

2022-01-06T20:23:09+00:00 CRITICAL Uncaught Error: Cannot use object of type WC_Product_Simple as array in /home/nicedesi/panache.nic-edesign.com/wp-content/themes/wwcs/archive-product.php:52
Stack trace:
#0 /home/nicedesi/panache.nic-edesign.com/wp-includes/template-loader.php(106): include()
#1 /home/nicedesi/panache.nic-edesign.com/wp-blog-header.php(19): require_once('/home/nicedesi/...')
#2 /home/nicedesi/panache.nic-edesign.com/index.php(17): require('/home/nicedesi/...')
#3 {main}
  thrown in /home/nicedesi/panache.nic-edesign.com/wp-content/themes/wwcs/archive-product.php on line 52

2022-01-06T22:58:43+00:00 CRITICAL Cannot use [] for reading in /home/nicedesi/panache.nic-edesign.com/wp-content/themes/wwcs/archive-product.php on line 91

